<?xml version='1.0' encoding='UTF-8'?>
<testsuite hostname="Joels-MBP-3" name="funlang.SyntaxAnalysisTests" tests="24" errors="0" failures="0" skipped="0" time="0.019" timestamp="2020-10-31T16:44:24">
                     <properties>
[...]
</properties>
                     <testcase classname="funlang.SyntaxAnalysisTests" name="parsing an identifier of one letter produces the correct tree" time="0.008">
                                                 
                                               </testcase><testcase classname="funlang.SyntaxAnalysisTests" name="parsing an identifier as an identifier produces the correct tree" time="0.0">
                                                 
                                               </testcase><testcase classname="funlang.SyntaxAnalysisTests" name="parsing an identifier containing digits and underscores produces the correct tree" time="0.0">
                                                 
                                               </testcase><testcase classname="funlang.SyntaxAnalysisTests" name="parsing an integer as an identifier gives an error" time="0.002">
                                                 
                                               </testcase><testcase classname="funlang.SyntaxAnalysisTests" name="parsing a non-identifier as an identifier gives an error (digit)" time="0.001">
                                                 
                                               </testcase><testcase classname="funlang.SyntaxAnalysisTests" name="parsing a non-identifier as an identifier gives an error (underscore)" time="0.0">
                                                 
                                               </testcase><testcase classname="funlang.SyntaxAnalysisTests" name="parsing a keyword as an identifier gives an error" time="0.001">
                                                 
                                               </testcase><testcase classname="funlang.SyntaxAnalysisTests" name="parsing a keyword prefix as an identifier produces the correct tree" time="0.0">
                                                 
                                               </testcase><testcase classname="funlang.SyntaxAnalysisTests" name="parsing an integer of one digit as an integer produces the correct tree" time="0.0">
                                                 
                                               </testcase><testcase classname="funlang.SyntaxAnalysisTests" name="parsing an integer as an integer produces the correct tree" time="0.0">
                                                 
                                               </testcase><testcase classname="funlang.SyntaxAnalysisTests" name="parsing a non-integer as an integer gives an error" time="0.001">
                                                 
                                               </testcase><testcase classname="funlang.SyntaxAnalysisTests" name="parsing an equal expression produces the correct tree" time="0.001">
                                                 
                                               </testcase><testcase classname="funlang.SyntaxAnalysisTests" name="parsing a less than expression produces the correct tree" time="0.0">
                                                 
                                               </testcase><testcase classname="funlang.SyntaxAnalysisTests" name="parsing an addition expression produces the correct tree" time="0.001">
                                                 
                                               </testcase><testcase classname="funlang.SyntaxAnalysisTests" name="parsing a subtraction expression produces the correct tree" time="0.001">
                                                 
                                               </testcase><testcase classname="funlang.SyntaxAnalysisTests" name="parsing a multiplication expression produces the correct tree" time="0.0">
                                                 
                                               </testcase><testcase classname="funlang.SyntaxAnalysisTests" name="parsing a division expression produces the correct tree" time="0.0">
                                                 
                                               </testcase><testcase classname="funlang.SyntaxAnalysisTests" name="parsing an integer expression produces the correct tree" time="0.0">
                                                 
                                               </testcase><testcase classname="funlang.SyntaxAnalysisTests" name="parsing a true expression produces the correct tree" time="0.001">
                                                 
                                               </testcase><testcase classname="funlang.SyntaxAnalysisTests" name="parsing a false expression produces the correct tree" time="0.0">
                                                 
                                               </testcase><testcase classname="funlang.SyntaxAnalysisTests" name="parsing an identifier expression produces the correct tree" time="0.001">
                                                 
                                               </testcase><testcase classname="funlang.SyntaxAnalysisTests" name="parsing a parenthesized expression produces the correct tree" time="0.0">
                                                 
                                               </testcase><testcase classname="funlang.SyntaxAnalysisTests" name="parsing an application expression produces the correct tree" time="0.0">
                                                 
                                               </testcase><testcase classname="funlang.SyntaxAnalysisTests" name="parsing an if expression produces the correct tree" time="0.001">
                                                 
                                               </testcase>
                     <system-out><![CDATA[]]></system-out>
                     <system-err><![CDATA[]]></system-err>
                   </testsuite>