<?xml version='1.0' encoding='UTF-8'?>
<testsuite hostname="Joels-MBP-3" name="funlang.ExecTests" tests="1" errors="0" failures="1" skipped="0" time="0.164" timestamp="2020-10-28T17:38:36">
                     <properties>
[...]
</properties>
                     <testcase classname="funlang.ExecTests" name="an block expression evaluates to the correct result" time="0.164">
                                                 <failure message="value expected for print" type="org.scalatest.exceptions.TestFailedException">org.scalatest.exceptions.TestFailedException: value expected for print
	at org.scalatest.Assertions.newAssertionFailedException(Assertions.scala:528)
	at org.scalatest.Assertions.newAssertionFailedException$(Assertions.scala:527)
	at funlang.SemanticTests.newAssertionFailedException(SemanticTests.scala:16)
	at org.scalatest.Assertions.fail(Assertions.scala:1089)
	at org.scalatest.Assertions.fail$(Assertions.scala:1085)
	at funlang.SemanticTests.fail(SemanticTests.scala:16)
	at funlang.ExecTests.execTest(ExecTests.scala:43)
	at funlang.ExecTests.$anonfun$new$1(ExecTests.scala:168)
	at scala.runtime.java8.JFunction0$mcV$sp.apply(JFunction0$mcV$sp.java:23)
	at org.scalatest.OutcomeOf.outcomeOf(OutcomeOf.scala:85)
	at org.scalatest.OutcomeOf.outcomeOf$(OutcomeOf.scala:83)
	at org.scalatest.OutcomeOf$.outcomeOf(OutcomeOf.scala:104)
	at org.scalatest.Transformer.apply(Transformer.scala:22)
	at org.scalatest.Transformer.apply(Transformer.scala:20)
	at org.scalatest.FunSuiteLike$$anon$1.apply(FunSuiteLike.scala:186)
	at org.scalatest.TestSuite.withFixture(TestSuite.scala:196)
	at org.scalatest.TestSuite.withFixture$(TestSuite.scala:195)
	at funlang.SemanticTests.withFixture(SemanticTests.scala:16)
	at org.scalatest.FunSuiteLike.invokeWithFixture$1(FunSuiteLike.scala:184)
	at org.scalatest.FunSuiteLike.$anonfun$runTest$1(FunSuiteLike.scala:196)
	at org.scalatest.SuperEngine.runTestImpl(Engine.scala:289)
	at org.scalatest.FunSuiteLike.runTest(FunSuiteLike.scala:196)
	at org.scalatest.FunSuiteLike.runTest$(FunSuiteLike.scala:178)
	at funlang.SemanticTests.org$scalatest$BeforeAndAfter$$super$runTest(SemanticTests.scala:16)
	at org.scalatest.BeforeAndAfter.runTest(BeforeAndAfter.scala:203)
	at org.scalatest.BeforeAndAfter.runTest$(BeforeAndAfter.scala:192)
	at funlang.SemanticTests.org$scalatest$BeforeAndAfterEach$$super$runTest(SemanticTests.scala:16)
	at org.scalatest.BeforeAndAfterEach.runTest(BeforeAndAfterEach.scala:221)
	at org.scalatest.BeforeAndAfterEach.runTest$(BeforeAndAfterEach.scala:214)
	at funlang.SemanticTests.runTest(SemanticTests.scala:16)
	at org.scalatest.FunSuiteLike.$anonfun$runTests$1(FunSuiteLike.scala:229)
	at org.scalatest.SuperEngine.$anonfun$runTestsInBranch$1(Engine.scala:396)
	at scala.collection.immutable.List.foreach(List.scala:392)
	at org.scalatest.SuperEngine.traverseSubNodes$1(Engine.scala:384)
	at org.scalatest.SuperEngine.runTestsInBranch(Engine.scala:379)
	at org.scalatest.SuperEngine.runTestsImpl(Engine.scala:461)
	at org.scalatest.FunSuiteLike.runTests(FunSuiteLike.scala:229)
	at org.scalatest.FunSuiteLike.runTests$(FunSuiteLike.scala:228)
	at funlang.SemanticTests.runTests(SemanticTests.scala:16)
	at org.scalatest.Suite.run(Suite.scala:1147)
	at org.scalatest.Suite.run$(Suite.scala:1129)
	at funlang.SemanticTests.org$scalatest$FunSuiteLike$$super$run(SemanticTests.scala:16)
	at org.scalatest.FunSuiteLike.$anonfun$run$1(FunSuiteLike.scala:233)
	at org.scalatest.SuperEngine.runImpl(Engine.scala:521)
	at org.scalatest.FunSuiteLike.run(FunSuiteLike.scala:233)
	at org.scalatest.FunSuiteLike.run$(FunSuiteLike.scala:232)
	at funlang.SemanticTests.org$scalatest$BeforeAndAfter$$super$run(SemanticTests.scala:16)
	at org.scalatest.BeforeAndAfter.run(BeforeAndAfter.scala:258)
	at org.scalatest.BeforeAndAfter.run$(BeforeAndAfter.scala:256)
	at funlang.SemanticTests.org$scalatest$BeforeAndAfterAll$$super$run(SemanticTests.scala:16)
	at org.scalatest.BeforeAndAfterAll.liftedTree1$1(BeforeAndAfterAll.scala:213)
	at org.scalatest.BeforeAndAfterAll.run(BeforeAndAfterAll.scala:210)
	at org.scalatest.BeforeAndAfterAll.run$(BeforeAndAfterAll.scala:208)
	at funlang.SemanticTests.run(SemanticTests.scala:16)
	at org.scalatest.tools.Framework.org$scalatest$tools$Framework$$runSuite(Framework.scala:314)
	at org.scalatest.tools.Framework$ScalaTestTask.execute(Framework.scala:507)
	at sbt.TestRunner.runTest$1(TestFramework.scala:139)
	at sbt.TestRunner.run(TestFramework.scala:154)
	at sbt.TestFramework$$anon$3$$anonfun$$lessinit$greater$1.$anonfun$apply$1(TestFramework.scala:317)
	at sbt.TestFramework$.sbt$TestFramework$$withContextLoader(TestFramework.scala:277)
	at sbt.TestFramework$$anon$3$$anonfun$$lessinit$greater$1.apply(TestFramework.scala:317)
	at sbt.TestFramework$$anon$3$$anonfun$$lessinit$greater$1.apply(TestFramework.scala:317)
	at sbt.TestFunction.apply(TestFramework.scala:329)
	at sbt.Tests$.processRunnable$1(Tests.scala:350)
	at sbt.Tests$.$anonfun$makeSerial$1(Tests.scala:356)
	at sbt.std.Transform$$anon$3.$anonfun$apply$2(Transform.scala:46)
	at sbt.std.Transform$$anon$4.work(Transform.scala:67)
	at sbt.Execute.$anonfun$submit$2(Execute.scala:281)
	at sbt.internal.util.ErrorHandling$.wideConvert(ErrorHandling.scala:19)
	at sbt.Execute.work(Execute.scala:290)
	at sbt.Execute.$anonfun$submit$1(Execute.scala:281)
	at sbt.ConcurrentRestrictions$$anon$4.$anonfun$submitValid$1(ConcurrentRestrictions.scala:178)
	at sbt.CompletionService$$anon$2.call(CompletionService.scala:37)
	at java.util.concurrent.FutureTask.run(FutureTask.java:266)
	at java.util.concurrent.Executors$RunnableAdapter.call(Executors.java:511)
	at java.util.concurrent.FutureTask.run(FutureTask.java:266)
	at java.util.concurrent.ThreadPoolExecutor.runWorker(ThreadPoolExecutor.java:1149)
	at java.util.concurrent.ThreadPoolExecutor$Worker.run(ThreadPoolExecutor.java:624)
	at java.lang.Thread.run(Thread.java:748)
</failure>
                                               </testcase>
                     <system-out><![CDATA[]]></system-out>
                     <system-err><![CDATA[]]></system-err>
                   </testsuite>