[0m[[0m[0mdebug[0m] [0m[0mRunning TaskDef(funlang.TypeTests, org.scalatest.tools.Framework$$anon$1@72e72a3e, false, [SuiteSelector])[0m
[0m[[0m[0mdebug[0m] [0m[0mRunning TaskDef(funlang.NameTests, org.scalatest.tools.Framework$$anon$1@72e72a3e, false, [SuiteSelector])[0m
[0m[[0m[0mdebug[0m] [0m[0mRunning TaskDef(funlang.ExecTests, org.scalatest.tools.Framework$$anon$1@72e72a3e, false, [SuiteSelector])[0m
[0m[[0m[0mdebug[0m] [0m[0mRunning TaskDef(funlang.SyntaxAnalysisTests, org.scalatest.tools.Framework$$anon$1@72e72a3e, false, [SuiteSelector])[0m
[0m[[0m[0mdebug[0m] [0m[0mRunning TaskDef(funlang.SemanticTests, org.scalatest.tools.Framework$$anon$1@72e72a3e, false, [SuiteSelector])[0m
[0m[[0m[0mdebug[0m] [0m[0mSummary for ScalaCheck not available.[0m
[0m[[0m[0minfo[0m] [0m[0mScalaTest[0m
[0m[[0m[0minfo[0m] [0m[0m[36mRun completed in 1 second, 23 milliseconds.[0m[0m
[0m[[0m[0minfo[0m] [0m[0m[36mTotal number of tests run: 71[0m[0m
[0m[[0m[0minfo[0m] [0m[0m[36mSuites: completed 5, aborted 0[0m[0m
[0m[[0m[0minfo[0m] [0m[0m[36mTests: succeeded 70, failed 1, canceled 0, ignored 0, pending 0[0m[0m
[0m[[0m[0minfo[0m] [0m[0m[31m*** 1 TEST FAILED ***[0m[0m
[0m[[0m[31merror[0m] [0m[0mFailed: Total 71, Failed 1, Errors 0, Passed 70[0m
[0m[[0m[0mdebug[0m] [0m[0mPassed tests:[0m
[0m[[0m[0mdebug[0m] [0m[0m	funlang.TypeTests[0m
[0m[[0m[0mdebug[0m] [0m[0m	funlang.NameTests[0m
[0m[[0m[0mdebug[0m] [0m[0m	funlang.SyntaxAnalysisTests[0m
[0m[[0m[0mdebug[0m] [0m[0m	funlang.SemanticTests[0m
[0m[[0m[31merror[0m] [0m[0mFailed tests:[0m
[0m[[0m[31merror[0m] [0m[0m	funlang.ExecTests[0m
[0m[[0m[31merror[0m] [0m[0m(Test / [31mtest[0m) sbt.TestsFailedException: Tests unsuccessful[0m
